<?xml version="1.0" encoding="UTF-8"?>
<!-- Generated by org.testng.reporters.JUnitReportReporter -->
<testsuite hostname="DESKTOP-61QF0TL" failures="0" tests="1" name="testscripts.AdminUser_TestCase_ActiveButton" time="8.860" errors="0" timestamp="2024-09-12T07:17:31 IST" skipped="0">
  <testcase classname="testscripts.AdminUser_TestCase_ActiveButton" name="enterValues" time="8.860"/>
  <system-out/>
</testsuite> <!-- testscripts.AdminUser_TestCase_ActiveButton -->
