<?xml version="1.0" encoding="UTF-8"?>
<!-- Generated by org.testng.reporters.JUnitReportReporter -->
<testsuite hostname="DESKTOP-61QF0TL" failures="0" tests="1" name="testscripts.Category_TestCase" time="7.224" errors="0" timestamp="2024-09-09T21:43:02 IST" skipped="0">
  <testcase classname="testscripts.Category_TestCase" name="enterValues" time="7.224"/>
  <system-out/>
</testsuite> <!-- testscripts.Category_TestCase -->
